<?xml version="1.0" encoding="UTF-8"?>
<testng-results ignored="0" total="1" passed="1" failed="0" skipped="0">
  <reporter-output>
  </reporter-output>
  <suite started-at="2024-07-24T23:40:58 EDT" name="Suite" finished-at="2024-07-24T23:41:11 EDT" duration-ms="13195">
    <groups>
    </groups>
    <test started-at="2024-07-24T23:40:58 EDT" name="Test" finished-at="2024-07-24T23:41:11 EDT" duration-ms="13195">
      <class name="AlertExamples.handleframes">
        <test-method signature="frames()[pri:0, instance:AlertExamples.handleframes@2b40ff9c]" started-at="2024-07-24T23:40:58 EDT" name="frames" finished-at="2024-07-24T23:41:11 EDT" duration-ms="13159" status="PASS">
          <reporter-output>
          </reporter-output>
        </test-method> <!-- frames -->
      </class> <!-- AlertExamples.handleframes -->
    </test> <!-- Test -->
  </suite> <!-- Suite -->
</testng-results>
